# JRE version: OpenJDK Runtime Environment JBR-17.0.9+8-1166.2-nomod (17.0.9+8) (build 17.0.9+8-b1166.2)
# Java VM: OpenJDK 64-Bit Server VM JBR-17.0.9+8-1166.2-nomod (17.0.9+8-b1166.2, mixed mode, tiered, compressed oops, compressed class ptrs, g1 gc, windows-amd64)
GC Precious Log:
 CPUs: 8 total, 8 available
 Memory: 16078M
 Large Page Support: Disabled
 NUMA Support: Disabled
 Compressed Oops: Enabled (Zero based)
 Heap Region Size: 2M
 Heap Min Capacity: 8M
 Heap Initial Capacity: 252M
 Heap Max Capacity: 4020M
 Pre-touch: Disabled
 Parallel Workers: 8
 Concurrent Workers: 2
 Concurrent Refinement Workers: 8
 Periodic GC: Disabled
Heap:
 garbage-first heap   total 182272K, used 101984K [0x0000000704c00000, 0x0000000800000000)
  region size 2048K, 2 young (4096K), 2 survivors (4096K)
 Metaspace       used 32431K, committed 32768K, reserved 1114112K
  class space    used 4040K, committed 4224K, reserved 1048576K
GC Heap History (20 events):
Event: 2.146 GC heap after
{Heap after GC invocations=5 (full 0):
 garbage-first heap   total 40960K, used 10006K [0x0000000704c00000, 0x0000000800000000)
  region size 2048K, 1 young (2048K), 1 survivors (2048K)
 Metaspace       used 26537K, committed 26816K, reserved 1114112K
  class space    used 3568K, committed 3712K, reserved 1048576K
}
Event: 4.884 GC heap before
{Heap before GC invocations=5 (full 0):
 garbage-first heap   total 40960K, used 28438K [0x0000000704c00000, 0x0000000800000000)
  region size 2048K, 9 young (18432K), 1 survivors (2048K)
 Metaspace       used 29779K, committed 30080K, reserved 1114112K
  class space    used 3947K, committed 4096K, reserved 1048576K
}
Event: 4.889 GC heap after
{Heap after GC invocations=6 (full 0):
 garbage-first heap   total 40960K, used 16226K [0x0000000704c00000, 0x0000000800000000)
  region size 2048K, 2 young (4096K), 2 survivors (4096K)
 Metaspace       used 29779K, committed 30080K, reserved 1114112K
  class space    used 3947K, committed 4096K, reserved 1048576K
}
Event: 9.604 GC heap before
{Heap before GC invocations=6 (full 0):
 garbage-first heap   total 40960K, used 28514K [0x0000000704c00000, 0x0000000800000000)
  region size 2048K, 8 young (16384K), 2 survivors (4096K)
 Metaspace       used 31316K, committed 31616K, reserved 1114112K
  class space    used 4040K, committed 4224K, reserved 1048576K
}
Event: 9.611 GC heap after
{Heap after GC invocations=7 (full 0):
 garbage-first heap   total 40960K, used 19434K [0x0000000704c00000, 0x0000000800000000)
  region size 2048K, 1 young (2048K), 1 survivors (2048K)
 Metaspace       used 31316K, committed 31616K, reserved 1114112K
  class space    used 4040K, committed 4224K, reserved 1048576K
}
Event: 27.352 GC heap before
{Heap before GC invocations=7 (full 0):
 garbage-first heap   total 40960K, used 27626K [0x0000000704c00000, 0x0000000800000000)
  region size 2048K, 5 young (10240K), 1 survivors (2048K)
 Metaspace       used 31864K, committed 32192K, reserved 1114112K
  class space    used 4040K, committed 4224K, reserved 1048576K
}
Event: 27.357 GC heap after
{Heap after GC invocations=8 (full 0):
 garbage-first heap   total 40960K, used 20765K [0x0000000704c00000, 0x0000000800000000)
  region size 2048K, 1 young (2048K), 1 survivors (2048K)
 Metaspace       used 31864K, committed 32192K, reserved 1114112K
  class space    used 4040K, committed 4224K, reserved 1048576K
}
Event: 46.357 GC heap before
{Heap before GC invocations=8 (full 0):
 garbage-first heap   total 40960K, used 28957K [0x0000000704c00000, 0x0000000800000000)
  region size 2048K, 5 young (10240K), 1 survivors (2048K)
 Metaspace       used 32043K, committed 32384K, reserved 1114112K
  class space    used 4040K, committed 4224K, reserved 1048576K
}
Event: 46.361 GC heap after
{Heap after GC invocations=9 (full 0):
 garbage-first heap   total 40960K, used 21027K [0x0000000704c00000, 0x0000000800000000)
  region size 2048K, 1 young (2048K), 1 survivors (2048K)
 Metaspace       used 32043K, committed 32384K, reserved 1114112K
  class space    used 4040K, committed 4224K, reserved 1048576K
}
Event: 836.546 GC heap before
{Heap before GC invocations=10 (full 0):
 garbage-first heap   total 40960K, used 29219K [0x0000000704c00000, 0x0000000800000000)
  region size 2048K, 5 young (10240K), 1 survivors (2048K)
 Metaspace       used 32341K, committed 32640K, reserved 1114112K
  class space    used 4040K, committed 4224K, reserved 1048576K
}
Event: 836.553 GC heap after
{Heap after GC invocations=11 (full 0):
 garbage-first heap   total 149504K, used 24514K [0x0000000704c00000, 0x0000000800000000)
  region size 2048K, 1 young (2048K), 1 survivors (2048K)
 Metaspace       used 32341K, committed 32640K, reserved 1114112K
  class space    used 4040K, committed 4224K, reserved 1048576K
}
Event: 837.419 GC heap before
{Heap before GC invocations=11 (full 0):
 garbage-first heap   total 149504K, used 28610K [0x0000000704c00000, 0x0000000800000000)
  region size 2048K, 3 young (6144K), 1 survivors (2048K)
 Metaspace       used 32355K, committed 32704K, reserved 1114112K
  class space    used 4040K, committed 4224K, reserved 1048576K
}
Event: 837.430 GC heap after
{Heap after GC invocations=12 (full 0):
 garbage-first heap   total 149504K, used 22857K [0x0000000704c00000, 0x0000000800000000)
  region size 2048K, 1 young (2048K), 1 survivors (2048K)
 Metaspace       used 32355K, committed 32704K, reserved 1114112K
  class space    used 4040K, committed 4224K, reserved 1048576K
}
Event: 841.327 GC heap before
{Heap before GC invocations=12 (full 0):
 garbage-first heap   total 149504K, used 92489K [0x0000000704c00000, 0x0000000800000000)
  region size 2048K, 35 young (71680K), 1 survivors (2048K)
 Metaspace       used 32431K, committed 32768K, reserved 1114112K
  class space    used 4040K, committed 4224K, reserved 1048576K
}
Event: 841.441 GC heap after
{Heap after GC invocations=13 (full 0):
 garbage-first heap   total 149504K, used 57173K [0x0000000704c00000, 0x0000000800000000)
  region size 2048K, 5 young (10240K), 5 survivors (10240K)
 Metaspace       used 32431K, committed 32768K, reserved 1114112K
  class space    used 4040K, committed 4224K, reserved 1048576K
}
Event: 842.411 GC heap before
{Heap before GC invocations=13 (full 0):
 garbage-first heap   total 149504K, used 89941K [0x0000000704c00000, 0x0000000800000000)
  region size 2048K, 21 young (43008K), 5 survivors (10240K)
 Metaspace       used 32431K, committed 32768K, reserved 1114112K
  class space    used 4040K, committed 4224K, reserved 1048576K
}
Event: 842.526 GC heap after
{Heap after GC invocations=14 (full 0):
 garbage-first heap   total 149504K, used 76289K [0x0000000704c00000, 0x0000000800000000)
  region size 2048K, 3 young (6144K), 3 survivors (6144K)
 Metaspace       used 32431K, committed 32768K, reserved 1114112K
  class space    used 4040K, committed 4224K, reserved 1048576K
}
Event: 843.085 GC heap before
{Heap before GC invocations=14 (full 0):
 garbage-first heap   total 149504K, used 100865K [0x0000000704c00000, 0x0000000800000000)
  region size 2048K, 15 young (30720K), 3 survivors (6144K)
 Metaspace       used 32431K, committed 32768K, reserved 1114112K
  class space    used 4040K, committed 4224K, reserved 1048576K
}
Event: 843.151 GC heap after
{Heap after GC invocations=15 (full 0):
 garbage-first heap   total 149504K, used 91677K [0x0000000704c00000, 0x0000000800000000)
  region size 2048K, 2 young (4096K), 2 survivors (4096K)
 Metaspace       used 32431K, committed 32768K, reserved 1114112K
  class space    used 4040K, committed 4224K, reserved 1048576K
}
Event: 843.640 GC heap before
{Heap before GC invocations=15 (full 0):
 garbage-first heap   total 182272K, used 108061K [0x0000000704c00000, 0x0000000800000000)
  region size 2048K, 10 young (20480K), 2 survivors (4096K)
 Metaspace       used 32431K, committed 32768K, reserved 1114112K
  class space    used 4040K, committed 4224K, reserved 1048576K
}

